<?xml version="1.0" encoding="UTF-8"?>
<!-- Generated by org.testng.reporters.JUnitXMLReporter -->
<testsuite ignored="4" hostname="LAPTOP-LO4OAQDU" failures="0" tests="1" name="Default test" time="21.407" errors="0" timestamp="2024-12-26T22:32:37 IST">
  <testcase classname="Testing.Registering_account" name="LunchingBrowser" time="21.301"/>
  <testcase classname="Testing.Registering_account" name="YourNextTab" time="0.0">
    <ignored/>
  </testcase> <!-- YourNextTab -->
  <testcase classname="Testing.Registering_account" name="RegisterButton" time="0.0">
    <ignored/>
  </testcase> <!-- RegisterButton -->
  <testcase classname="Testing.Registering_account" name="Secondarypage" time="0.0">
    <ignored/>
  </testcase> <!-- Secondarypage -->
  <testcase classname="Testing.Registering_account" name="Thridpage" time="0.0">
    <ignored/>
  </testcase> <!-- Thridpage -->
</testsuite> <!-- Default test -->
