<?xml version="1.0" encoding="UTF-8"?>
<!-- Generated by org.testng.reporters.JUnitXMLReporter -->
<testsuite ignored="0" hostname="LAPTOP-LO4OAQDU" failures="0" tests="5" name="Test" time="135.318" errors="0" timestamp="2024-05-13T14:25:06 IST">
  <testcase classname="Testing.Registering_account" name="LunchingBrowser" time="12.672"/>
  <testcase classname="Testing.Registering_account" name="RegisterButton" time="42.509"/>
  <testcase classname="Testing.Registering_account" name="Secondarypage" time="42.863"/>
  <testcase classname="Testing.Registering_account" name="Thridpage" time="10.163"/>
  <testcase classname="Testing.Registering_account" name="YourNextTab" time="26.973"/>
</testsuite> <!-- Test -->
