<?xml version="1.0" encoding="UTF-8"?>
<testng-results ignored="0" total="1" passed="1" failed="0" skipped="0">
  <reporter-output>
  </reporter-output>
  <suite started-at="2024-12-26T22:32:16 IST" name="Default suite" finished-at="2024-12-26T22:32:37 IST" duration-ms="21407">
    <groups>
    </groups>
    <test started-at="2024-12-26T22:32:16 IST" name="Default test" finished-at="2024-12-26T22:32:37 IST" duration-ms="21407">
      <class name="Testing.Registering_account">
        <test-method signature="LunchingBrowser()[pri:0, instance:Testing.Registering_account@368f2016]" started-at="2024-12-26T22:32:16 IST" name="LunchingBrowser" finished-at="2024-12-26T22:32:37 IST" duration-ms="21301" status="PASS">
          <reporter-output>
          </reporter-output>
        </test-method> <!-- LunchingBrowser -->
      </class> <!-- Testing.Registering_account -->
    </test> <!-- Default test -->
  </suite> <!-- Default suite -->
</testng-results>
